{"/home/safonovdaniel/spacecraft/src/basic/components/Error.jsx": {"path":"/home/safonovdaniel/spacecraft/src/basic/components/Error.jsx","statementMap":{"0":{"start":{"line":7,"column":0},"end":{"line":7,"column":43}},"1":{"start":{"line":8,"column":0},"end":{"line":8,"column":43}},"2":{"start":{"line":9,"column":0},"end":{"line":9,"column":28}},"3":{"start":{"line":11,"column":14},"end":{"line":17,"column":1}},"4":{"start":{"line":12,"column":4},"end":{"line":16,"column":5}}},"fnMap":{"0":{"name":"(anonymous_0)","decl":{"start":{"line":11,"column":14},"end":{"line":11,"column":15}},"loc":{"start":{"line":11,"column":20},"end":{"line":17,"column":1}},"line":11}},"branchMap":{},"s":{"0":1,"1":1,"2":1,"3":1,"4":0},"f":{"0":0},"b":{},"_coverageSchema":"1a1c01bbd47fc00a2c39e90264f33305004495a9","hash":"9579029f981c7dddca122dc562cc8da816b1e78e"}
,"/home/safonovdaniel/spacecraft/src/basic/components/Loading.jsx": {"path":"/home/safonovdaniel/spacecraft/src/basic/components/Loading.jsx","statementMap":{"0":{"start":{"line":4,"column":16},"end":{"line":21,"column":1}},"1":{"start":{"line":5,"column":2},"end":{"line":20,"column":4}}},"fnMap":{"0":{"name":"(anonymous_0)","decl":{"start":{"line":4,"column":16},"end":{"line":4,"column":17}},"loc":{"start":{"line":4,"column":22},"end":{"line":21,"column":1}},"line":4}},"branchMap":{},"s":{"0":1,"1":0},"f":{"0":0},"b":{},"_coverageSchema":"1a1c01bbd47fc00a2c39e90264f33305004495a9","hash":"81a3860b58f4e041e33fd73cff0d27161d004abb"}
,"/home/safonovdaniel/spacecraft/src/basic/lang/en.js": {"path":"/home/safonovdaniel/spacecraft/src/basic/lang/en.js","statementMap":{},"fnMap":{},"branchMap":{},"s":{},"f":{},"b":{},"_coverageSchema":"1a1c01bbd47fc00a2c39e90264f33305004495a9","hash":"8d94d6ea386f62a46188bf3fe53792229d405ff8"}
,"/home/safonovdaniel/spacecraft/src/basic/lang/uk.js": {"path":"/home/safonovdaniel/spacecraft/src/basic/lang/uk.js","statementMap":{},"fnMap":{},"branchMap":{},"s":{},"f":{},"b":{},"_coverageSchema":"1a1c01bbd47fc00a2c39e90264f33305004495a9","hash":"341716bfd739a34635b357a2d759e7944ebf96ed"}
,"/home/safonovdaniel/spacecraft/src/pages/spacecraft/Spacecraft.jsx": {"path":"/home/safonovdaniel/spacecraft/src/pages/spacecraft/Spacecraft.jsx","statementMap":{"0":{"start":{"line":15,"column":0},"end":{"line":15,"column":43}},"1":{"start":{"line":16,"column":0},"end":{"line":16,"column":43}},"2":{"start":{"line":17,"column":0},"end":{"line":17,"column":28}},"3":{"start":{"line":19,"column":19},"end":{"line":39,"column":1}},"4":{"start":{"line":20,"column":37},"end":{"line":20,"column":52}},"5":{"start":{"line":21,"column":2},"end":{"line":23,"column":9}},"6":{"start":{"line":22,"column":4},"end":{"line":22,"column":13}},"7":{"start":{"line":25,"column":4},"end":{"line":25,"column":32}},"8":{"start":{"line":27,"column":2},"end":{"line":38,"column":4}},"9":{"start":{"line":41,"column":0},"end":{"line":46,"column":2}},"10":{"start":{"line":48,"column":0},"end":{"line":53,"column":2}}},"fnMap":{"0":{"name":"(anonymous_0)","decl":{"start":{"line":19,"column":19},"end":{"line":19,"column":20}},"loc":{"start":{"line":19,"column":57},"end":{"line":39,"column":1}},"line":19},"1":{"name":"(anonymous_1)","decl":{"start":{"line":21,"column":12},"end":{"line":21,"column":13}},"loc":{"start":{"line":21,"column":18},"end":{"line":23,"column":3}},"line":21},"2":{"name":"menuOpen","decl":{"start":{"line":24,"column":11},"end":{"line":24,"column":19}},"loc":{"start":{"line":24,"column":22},"end":{"line":26,"column":3}},"line":24},"3":{"name":"(anonymous_3)","decl":{"start":{"line":49,"column":10},"end":{"line":49,"column":11}},"loc":{"start":{"line":49,"column":16},"end":{"line":49,"column":18}},"line":49}},"branchMap":{"0":{"loc":{"start":{"line":30,"column":7},"end":{"line":30,"column":32}},"type":"binary-expr","locations":[{"start":{"line":30,"column":7},"end":{"line":30,"column":20}},{"start":{"line":30,"column":24},"end":{"line":30,"column":32}}],"line":30},"1":{"loc":{"start":{"line":32,"column":9},"end":{"line":32,"column":57}},"type":"binary-expr","locations":[{"start":{"line":32,"column":9},"end":{"line":32,"column":16}},{"start":{"line":32,"column":20},"end":{"line":32,"column":26}},{"start":{"line":32,"column":30},"end":{"line":32,"column":57}}],"line":32},"2":{"loc":{"start":{"line":33,"column":9},"end":{"line":33,"column":45}},"type":"binary-expr","locations":[{"start":{"line":33,"column":9},"end":{"line":33,"column":16}},{"start":{"line":33,"column":20},"end":{"line":33,"column":26}},{"start":{"line":33,"column":30},"end":{"line":33,"column":45}}],"line":33},"3":{"loc":{"start":{"line":34,"column":9},"end":{"line":34,"column":32}},"type":"binary-expr","locations":[{"start":{"line":34,"column":9},"end":{"line":34,"column":17}},{"start":{"line":34,"column":21},"end":{"line":34,"column":32}}],"line":34},"4":{"loc":{"start":{"line":35,"column":9},"end":{"line":35,"column":38}},"type":"binary-expr","locations":[{"start":{"line":35,"column":9},"end":{"line":35,"column":16}},{"start":{"line":35,"column":20},"end":{"line":35,"column":25}},{"start":{"line":35,"column":29},"end":{"line":35,"column":38}}],"line":35}},"s":{"0":1,"1":1,"2":1,"3":1,"4":6,"5":6,"6":0,"7":0,"8":6,"9":1,"10":1},"f":{"0":6,"1":0,"2":0,"3":1},"b":{"0":[6,0],"1":[6,2,1],"2":[6,2,1],"3":[6,4],"4":[6,2,1]},"_coverageSchema":"1a1c01bbd47fc00a2c39e90264f33305004495a9","hash":"fe0c09fcd61f2eda8d23f2b0e91c774f9c50be6f"}
,"/home/safonovdaniel/spacecraft/src/pages/spacecraft/components/description/Description.jsx": {"path":"/home/safonovdaniel/spacecraft/src/pages/spacecraft/components/description/Description.jsx","statementMap":{"0":{"start":{"line":4,"column":20},"end":{"line":19,"column":1}},"1":{"start":{"line":5,"column":2},"end":{"line":18,"column":4}}},"fnMap":{"0":{"name":"(anonymous_0)","decl":{"start":{"line":4,"column":20},"end":{"line":4,"column":21}},"loc":{"start":{"line":4,"column":26},"end":{"line":19,"column":1}},"line":4}},"branchMap":{},"s":{"0":1,"1":0},"f":{"0":0},"b":{},"_coverageSchema":"1a1c01bbd47fc00a2c39e90264f33305004495a9","hash":"49c07bac517136fcb62875e1cd40cf8b56153c3a"}
,"/home/safonovdaniel/spacecraft/src/pages/spacecraft/components/graphics/GraphicCost.jsx": {"path":"/home/safonovdaniel/spacecraft/src/pages/spacecraft/components/graphics/GraphicCost.jsx","statementMap":{"0":{"start":{"line":5,"column":20},"end":{"line":51,"column":1}},"1":{"start":{"line":6,"column":20},"end":{"line":6,"column":41}},"2":{"start":{"line":8,"column":14},"end":{"line":8,"column":16}},"3":{"start":{"line":9,"column":14},"end":{"line":9,"column":16}},"4":{"start":{"line":11,"column":2},"end":{"line":17,"column":3}},"5":{"start":{"line":12,"column":4},"end":{"line":16,"column":6}},"6":{"start":{"line":14,"column":8},"end":{"line":14,"column":72}},"7":{"start":{"line":19,"column":20},"end":{"line":19,"column":42}},"8":{"start":{"line":21,"column":2},"end":{"line":23,"column":3}},"9":{"start":{"line":21,"column":15},"end":{"line":21,"column":16}},"10":{"start":{"line":22,"column":4},"end":{"line":22,"column":41}},"11":{"start":{"line":25,"column":18},"end":{"line":41,"column":3}},"12":{"start":{"line":43,"column":2},"end":{"line":50,"column":4}},"13":{"start":{"line":53,"column":0},"end":{"line":55,"column":1}}},"fnMap":{"0":{"name":"(anonymous_0)","decl":{"start":{"line":5,"column":20},"end":{"line":5,"column":21}},"loc":{"start":{"line":5,"column":34},"end":{"line":51,"column":1}},"line":5},"1":{"name":"(anonymous_1)","decl":{"start":{"line":13,"column":6},"end":{"line":13,"column":7}},"loc":{"start":{"line":14,"column":8},"end":{"line":14,"column":72}},"line":14}},"branchMap":{"0":{"loc":{"start":{"line":6,"column":20},"end":{"line":6,"column":41}},"type":"cond-expr","locations":[{"start":{"line":6,"column":27},"end":{"line":6,"column":36}},{"start":{"line":6,"column":39},"end":{"line":6,"column":41}}],"line":6},"1":{"loc":{"start":{"line":11,"column":2},"end":{"line":17,"column":3}},"type":"if","locations":[{"start":{"line":11,"column":2},"end":{"line":17,"column":3}},{"start":{"line":11,"column":2},"end":{"line":17,"column":3}}],"line":11}},"s":{"0":1,"1":0,"2":0,"3":0,"4":0,"5":0,"6":0,"7":0,"8":0,"9":0,"10":0,"11":0,"12":0,"13":1},"f":{"0":0,"1":0},"b":{"0":[0,0],"1":[0,0]},"_coverageSchema":"1a1c01bbd47fc00a2c39e90264f33305004495a9","hash":"277b754e6aadbbd3c441dab356f16d4150e5f93f"}
,"/home/safonovdaniel/spacecraft/src/pages/spacecraft/components/menu/Menu.jsx": {"path":"/home/safonovdaniel/spacecraft/src/pages/spacecraft/components/menu/Menu.jsx","statementMap":{"0":{"start":{"line":4,"column":13},"end":{"line":27,"column":1}},"1":{"start":{"line":5,"column":2},"end":{"line":26,"column":4}}},"fnMap":{"0":{"name":"(anonymous_0)","decl":{"start":{"line":4,"column":13},"end":{"line":4,"column":14}},"loc":{"start":{"line":4,"column":19},"end":{"line":27,"column":1}},"line":4}},"branchMap":{},"s":{"0":1,"1":0},"f":{"0":0},"b":{},"_coverageSchema":"1a1c01bbd47fc00a2c39e90264f33305004495a9","hash":"0ca01f44074d9774bbff9054fd6f7e41ee308dba"}
,"/home/safonovdaniel/spacecraft/src/pages/spacecraft/components/menu/MenuButton.jsx": {"path":"/home/safonovdaniel/spacecraft/src/pages/spacecraft/components/menu/MenuButton.jsx","statementMap":{"0":{"start":{"line":6,"column":19},"end":{"line":22,"column":1}},"1":{"start":{"line":8,"column":4},"end":{"line":8,"column":15}},"2":{"start":{"line":10,"column":2},"end":{"line":21,"column":4}},"3":{"start":{"line":14,"column":8},"end":{"line":14,"column":25}},"4":{"start":{"line":24,"column":0},"end":{"line":27,"column":1}},"5":{"start":{"line":29,"column":0},"end":{"line":32,"column":1}}},"fnMap":{"0":{"name":"(anonymous_0)","decl":{"start":{"line":6,"column":19},"end":{"line":6,"column":20}},"loc":{"start":{"line":6,"column":43},"end":{"line":22,"column":1}},"line":6},"1":{"name":"menuButtonClick","decl":{"start":{"line":7,"column":11},"end":{"line":7,"column":26}},"loc":{"start":{"line":7,"column":28},"end":{"line":9,"column":3}},"line":7},"2":{"name":"(anonymous_2)","decl":{"start":{"line":13,"column":15},"end":{"line":13,"column":16}},"loc":{"start":{"line":13,"column":21},"end":{"line":15,"column":7}},"line":13},"3":{"name":"(anonymous_3)","decl":{"start":{"line":30,"column":12},"end":{"line":30,"column":13}},"loc":{"start":{"line":30,"column":18},"end":{"line":30,"column":20}},"line":30}},"branchMap":{"0":{"loc":{"start":{"line":18,"column":31},"end":{"line":18,"column":55}},"type":"cond-expr","locations":[{"start":{"line":18,"column":39},"end":{"line":18,"column":45}},{"start":{"line":18,"column":48},"end":{"line":18,"column":55}}],"line":18},"1":{"loc":{"start":{"line":18,"column":106},"end":{"line":18,"column":157}},"type":"cond-expr","locations":[{"start":{"line":18,"column":114},"end":{"line":18,"column":135}},{"start":{"line":18,"column":138},"end":{"line":18,"column":157}}],"line":18}},"s":{"0":2,"1":1,"2":3,"3":1,"4":2,"5":2},"f":{"0":3,"1":1,"2":1,"3":1},"b":{"0":[3,0],"1":[3,0]},"_coverageSchema":"1a1c01bbd47fc00a2c39e90264f33305004495a9","hash":"99ef1f0e83b40ab6504536d4b52db96ed7709354"}
,"/home/safonovdaniel/spacecraft/src/pages/spacecraft/lang/en.js": {"path":"/home/safonovdaniel/spacecraft/src/pages/spacecraft/lang/en.js","statementMap":{},"fnMap":{},"branchMap":{},"s":{},"f":{},"b":{},"_coverageSchema":"1a1c01bbd47fc00a2c39e90264f33305004495a9","hash":"5c3e03a84b6eb63f586a518a9735e4d0f8322242"}
,"/home/safonovdaniel/spacecraft/src/pages/spacecraft/lang/uk.js": {"path":"/home/safonovdaniel/spacecraft/src/pages/spacecraft/lang/uk.js","statementMap":{},"fnMap":{},"branchMap":{},"s":{},"f":{},"b":{},"_coverageSchema":"1a1c01bbd47fc00a2c39e90264f33305004495a9","hash":"9fb827eaded7f90e87f8e0f9f52a356758682463"}
,"/home/safonovdaniel/spacecraft/src/store/initialState.js": {"path":"/home/safonovdaniel/spacecraft/src/store/initialState.js","statementMap":{"0":{"start":{"line":1,"column":21},"end":{"line":5,"column":1}}},"fnMap":{},"branchMap":{},"s":{"0":2},"f":{},"b":{},"_coverageSchema":"1a1c01bbd47fc00a2c39e90264f33305004495a9","hash":"6dee53ed40871126f7b9195d59b17ef2d282ff55"}
,"/home/safonovdaniel/spacecraft/src/store/saga.js": {"path":"/home/safonovdaniel/spacecraft/src/store/saga.js","statementMap":{"0":{"start":{"line":8,"column":4},"end":{"line":8,"column":26}},"1":{"start":{"line":12,"column":4},"end":{"line":12,"column":36}},"2":{"start":{"line":13,"column":4},"end":{"line":13,"column":34}},"3":{"start":{"line":14,"column":4},"end":{"line":20,"column":5}},"4":{"start":{"line":15,"column":24},"end":{"line":15,"column":84}},"5":{"start":{"line":16,"column":8},"end":{"line":16,"column":39}},"6":{"start":{"line":19,"column":8},"end":{"line":19,"column":36}},"7":{"start":{"line":21,"column":4},"end":{"line":21,"column":35}},"8":{"start":{"line":25,"column":4},"end":{"line":25,"column":43}}},"fnMap":{"0":{"name":"callApi","decl":{"start":{"line":7,"column":16},"end":{"line":7,"column":23}},"loc":{"start":{"line":7,"column":28},"end":{"line":9,"column":1}},"line":7},"1":{"name":"workerData","decl":{"start":{"line":11,"column":17},"end":{"line":11,"column":27}},"loc":{"start":{"line":11,"column":29},"end":{"line":22,"column":1}},"line":11},"2":{"name":"watchData","decl":{"start":{"line":24,"column":17},"end":{"line":24,"column":26}},"loc":{"start":{"line":24,"column":28},"end":{"line":26,"column":1}},"line":24}},"branchMap":{},"s":{"0":2,"1":1,"2":1,"3":1,"4":1,"5":1,"6":0,"7":1,"8":1},"f":{"0":2,"1":1,"2":1},"b":{},"_coverageSchema":"1a1c01bbd47fc00a2c39e90264f33305004495a9","hash":"c878c802105e853482719364133bbc8beaea3fe3"}
,"/home/safonovdaniel/spacecraft/src/store/actionCreators/dataAction.js": {"path":"/home/safonovdaniel/spacecraft/src/store/actionCreators/dataAction.js","statementMap":{"0":{"start":{"line":1,"column":19},"end":{"line":6,"column":1}},"1":{"start":{"line":2,"column":2},"end":{"line":5,"column":4}}},"fnMap":{"0":{"name":"(anonymous_0)","decl":{"start":{"line":1,"column":19},"end":{"line":1,"column":20}},"loc":{"start":{"line":1,"column":30},"end":{"line":6,"column":1}},"line":1}},"branchMap":{},"s":{"0":3,"1":3},"f":{"0":3},"b":{},"_coverageSchema":"1a1c01bbd47fc00a2c39e90264f33305004495a9","hash":"c49fc1a75c2be2756c707fbb1bf5928d0af39561"}
,"/home/safonovdaniel/spacecraft/src/store/actionCreators/errorAction.js": {"path":"/home/safonovdaniel/spacecraft/src/store/actionCreators/errorAction.js","statementMap":{"0":{"start":{"line":1,"column":20},"end":{"line":6,"column":3}},"1":{"start":{"line":2,"column":4},"end":{"line":5,"column":6}}},"fnMap":{"0":{"name":"(anonymous_0)","decl":{"start":{"line":1,"column":20},"end":{"line":1,"column":21}},"loc":{"start":{"line":1,"column":31},"end":{"line":6,"column":3}},"line":1}},"branchMap":{},"s":{"0":3,"1":3},"f":{"0":3},"b":{},"_coverageSchema":"1a1c01bbd47fc00a2c39e90264f33305004495a9","hash":"2ba0685145f0961c599c182d174c9da9e419005c"}
,"/home/safonovdaniel/spacecraft/src/store/actionCreators/loadUpAction.js": {"path":"/home/safonovdaniel/spacecraft/src/store/actionCreators/loadUpAction.js","statementMap":{"0":{"start":{"line":1,"column":21},"end":{"line":5,"column":3}},"1":{"start":{"line":2,"column":4},"end":{"line":4,"column":6}}},"fnMap":{"0":{"name":"(anonymous_0)","decl":{"start":{"line":1,"column":21},"end":{"line":1,"column":22}},"loc":{"start":{"line":1,"column":27},"end":{"line":5,"column":3}},"line":1}},"branchMap":{},"s":{"0":1,"1":0},"f":{"0":0},"b":{},"_coverageSchema":"1a1c01bbd47fc00a2c39e90264f33305004495a9","hash":"37c4511621e301046da54aea498799023f738598"}
,"/home/safonovdaniel/spacecraft/src/store/actionCreators/loadingAction.js": {"path":"/home/safonovdaniel/spacecraft/src/store/actionCreators/loadingAction.js","statementMap":{"0":{"start":{"line":1,"column":22},"end":{"line":6,"column":1}},"1":{"start":{"line":2,"column":2},"end":{"line":5,"column":4}}},"fnMap":{"0":{"name":"(anonymous_0)","decl":{"start":{"line":1,"column":22},"end":{"line":1,"column":23}},"loc":{"start":{"line":1,"column":33},"end":{"line":6,"column":1}},"line":1}},"branchMap":{},"s":{"0":3,"1":5},"f":{"0":5},"b":{},"_coverageSchema":"1a1c01bbd47fc00a2c39e90264f33305004495a9","hash":"b6f07648e3cabc7fb80d58619e8991b47beacaf4"}
,"/home/safonovdaniel/spacecraft/src/store/reducers/dataReducer.js": {"path":"/home/safonovdaniel/spacecraft/src/store/reducers/dataReducer.js","statementMap":{"0":{"start":{"line":3,"column":20},"end":{"line":10,"column":1}},"1":{"start":{"line":4,"column":4},"end":{"line":9,"column":5}},"2":{"start":{"line":6,"column":12},"end":{"line":6,"column":30}},"3":{"start":{"line":8,"column":12},"end":{"line":8,"column":24}}},"fnMap":{"0":{"name":"(anonymous_0)","decl":{"start":{"line":3,"column":20},"end":{"line":3,"column":21}},"loc":{"start":{"line":3,"column":59},"end":{"line":10,"column":1}},"line":3}},"branchMap":{"0":{"loc":{"start":{"line":3,"column":21},"end":{"line":3,"column":46}},"type":"default-arg","locations":[{"start":{"line":3,"column":29},"end":{"line":3,"column":46}}],"line":3},"1":{"loc":{"start":{"line":4,"column":4},"end":{"line":9,"column":5}},"type":"switch","locations":[{"start":{"line":5,"column":8},"end":{"line":6,"column":30}},{"start":{"line":7,"column":8},"end":{"line":8,"column":24}}],"line":4}},"s":{"0":2,"1":9,"2":2,"3":7},"f":{"0":9},"b":{"0":[4],"1":[2,7]},"_coverageSchema":"1a1c01bbd47fc00a2c39e90264f33305004495a9","hash":"a279c83f2fb5b78221e182dceb70fc7805168909"}
,"/home/safonovdaniel/spacecraft/src/store/reducers/errorReducer.js": {"path":"/home/safonovdaniel/spacecraft/src/store/reducers/errorReducer.js","statementMap":{"0":{"start":{"line":3,"column":21},"end":{"line":10,"column":1}},"1":{"start":{"line":4,"column":4},"end":{"line":9,"column":5}},"2":{"start":{"line":6,"column":12},"end":{"line":6,"column":31}},"3":{"start":{"line":8,"column":12},"end":{"line":8,"column":24}}},"fnMap":{"0":{"name":"(anonymous_0)","decl":{"start":{"line":3,"column":21},"end":{"line":3,"column":22}},"loc":{"start":{"line":3,"column":61},"end":{"line":10,"column":1}},"line":3}},"branchMap":{"0":{"loc":{"start":{"line":3,"column":22},"end":{"line":3,"column":48}},"type":"default-arg","locations":[{"start":{"line":3,"column":30},"end":{"line":3,"column":48}}],"line":3},"1":{"loc":{"start":{"line":4,"column":4},"end":{"line":9,"column":5}},"type":"switch","locations":[{"start":{"line":5,"column":8},"end":{"line":6,"column":31}},{"start":{"line":7,"column":8},"end":{"line":8,"column":24}}],"line":4}},"s":{"0":2,"1":9,"2":2,"3":7},"f":{"0":9},"b":{"0":[4],"1":[2,7]},"_coverageSchema":"1a1c01bbd47fc00a2c39e90264f33305004495a9","hash":"5643bb6df0dda4e84f7b5f16d56ab0d80b278004"}
,"/home/safonovdaniel/spacecraft/src/store/reducers/loadingReducer.js": {"path":"/home/safonovdaniel/spacecraft/src/store/reducers/loadingReducer.js","statementMap":{"0":{"start":{"line":3,"column":23},"end":{"line":10,"column":1}},"1":{"start":{"line":4,"column":4},"end":{"line":9,"column":5}},"2":{"start":{"line":6,"column":12},"end":{"line":6,"column":33}},"3":{"start":{"line":8,"column":12},"end":{"line":8,"column":24}}},"fnMap":{"0":{"name":"(anonymous_0)","decl":{"start":{"line":3,"column":23},"end":{"line":3,"column":24}},"loc":{"start":{"line":3,"column":65},"end":{"line":10,"column":1}},"line":3}},"branchMap":{"0":{"loc":{"start":{"line":3,"column":24},"end":{"line":3,"column":52}},"type":"default-arg","locations":[{"start":{"line":3,"column":32},"end":{"line":3,"column":52}}],"line":3},"1":{"loc":{"start":{"line":4,"column":4},"end":{"line":9,"column":5}},"type":"switch","locations":[{"start":{"line":5,"column":8},"end":{"line":6,"column":33}},{"start":{"line":7,"column":8},"end":{"line":8,"column":24}}],"line":4}},"s":{"0":2,"1":9,"2":3,"3":6},"f":{"0":9},"b":{"0":[4],"1":[3,6]},"_coverageSchema":"1a1c01bbd47fc00a2c39e90264f33305004495a9","hash":"e099a93f84db89266d0ee85320f4a0e2be59782f"}
,"/home/safonovdaniel/spacecraft/src/store/reducers/reducers.js": {"path":"/home/safonovdaniel/spacecraft/src/store/reducers/reducers.js","statementMap":{"0":{"start":{"line":6,"column":17},"end":{"line":6,"column":78}}},"fnMap":{},"branchMap":{},"s":{"0":1},"f":{},"b":{},"_coverageSchema":"1a1c01bbd47fc00a2c39e90264f33305004495a9","hash":"59f4c58289a63de29317813bd82684ae3bf2540b"}
}
