TN:
SF:src/basic/components/Error.jsx
FN:11,(anonymous_0)
FNF:1
FNH:0
FNDA:0,(anonymous_0)
DA:7,1
DA:8,1
DA:9,1
DA:11,1
DA:12,0
LF:5
LH:4
BRF:0
BRH:0
end_of_record
TN:
SF:src/basic/components/Loading.jsx
FN:4,(anonymous_0)
FNF:1
FNH:0
FNDA:0,(anonymous_0)
DA:4,1
DA:5,0
LF:2
LH:1
BRF:0
BRH:0
end_of_record
TN:
SF:src/basic/lang/en.js
FNF:0
FNH:0
LF:0
LH:0
BRF:0
BRH:0
end_of_record
TN:
SF:src/basic/lang/uk.js
FNF:0
FNH:0
LF:0
LH:0
BRF:0
BRH:0
end_of_record
TN:
SF:src/pages/spacecraft/Spacecraft.jsx
FN:19,(anonymous_0)
FN:21,(anonymous_1)
FN:24,menuOpen
FN:49,(anonymous_3)
FNF:4
FNH:2
FNDA:6,(anonymous_0)
FNDA:0,(anonymous_1)
FNDA:0,menuOpen
FNDA:1,(anonymous_3)
DA:15,1
DA:16,1
DA:17,1
DA:19,1
DA:20,6
DA:21,6
DA:22,0
DA:25,0
DA:27,6
DA:41,1
DA:48,1
LF:11
LH:9
BRDA:30,0,0,6
BRDA:30,0,1,0
BRDA:32,1,0,6
BRDA:32,1,1,2
BRDA:32,1,2,1
BRDA:33,2,0,6
BRDA:33,2,1,2
BRDA:33,2,2,1
BRDA:34,3,0,6
BRDA:34,3,1,4
BRDA:35,4,0,6
BRDA:35,4,1,2
BRDA:35,4,2,1
BRF:13
BRH:12
end_of_record
TN:
SF:src/pages/spacecraft/components/description/Description.jsx
FN:4,(anonymous_0)
FNF:1
FNH:0
FNDA:0,(anonymous_0)
DA:4,1
DA:5,0
LF:2
LH:1
BRF:0
BRH:0
end_of_record
TN:
SF:src/pages/spacecraft/components/graphics/GraphicCost.jsx
FN:5,(anonymous_0)
FN:13,(anonymous_1)
FNF:2
FNH:0
FNDA:0,(anonymous_0)
FNDA:0,(anonymous_1)
DA:5,1
DA:6,0
DA:8,0
DA:9,0
DA:11,0
DA:12,0
DA:14,0
DA:19,0
DA:21,0
DA:22,0
DA:25,0
DA:43,0
DA:53,1
LF:13
LH:2
BRDA:6,0,0,0
BRDA:6,0,1,0
BRDA:11,1,0,0
BRDA:11,1,1,0
BRF:4
BRH:0
end_of_record
TN:
SF:src/pages/spacecraft/components/menu/Menu.jsx
FN:4,(anonymous_0)
FNF:1
FNH:0
FNDA:0,(anonymous_0)
DA:4,1
DA:5,0
LF:2
LH:1
BRF:0
BRH:0
end_of_record
TN:
SF:src/pages/spacecraft/components/menu/MenuButton.jsx
FN:6,(anonymous_0)
FN:7,menuButtonClick
FN:13,(anonymous_2)
FN:30,(anonymous_3)
FNF:4
FNH:4
FNDA:3,(anonymous_0)
FNDA:1,menuButtonClick
FNDA:1,(anonymous_2)
FNDA:1,(anonymous_3)
DA:6,2
DA:8,1
DA:10,3
DA:14,1
DA:24,2
DA:29,2
LF:6
LH:6
BRDA:18,0,0,3
BRDA:18,0,1,0
BRDA:18,1,0,3
BRDA:18,1,1,0
BRF:4
BRH:2
end_of_record
TN:
SF:src/pages/spacecraft/lang/en.js
FNF:0
FNH:0
LF:0
LH:0
BRF:0
BRH:0
end_of_record
TN:
SF:src/pages/spacecraft/lang/uk.js
FNF:0
FNH:0
LF:0
LH:0
BRF:0
BRH:0
end_of_record
TN:
SF:src/store/initialState.js
FNF:0
FNH:0
DA:1,2
LF:1
LH:1
BRF:0
BRH:0
end_of_record
TN:
SF:src/store/saga.js
FN:7,callApi
FN:11,workerData
FN:24,watchData
FNF:3
FNH:3
FNDA:2,callApi
FNDA:1,workerData
FNDA:1,watchData
DA:8,2
DA:12,1
DA:13,1
DA:14,1
DA:15,1
DA:16,1
DA:19,0
DA:21,1
DA:25,1
LF:9
LH:8
BRF:0
BRH:0
end_of_record
TN:
SF:src/store/actionCreators/dataAction.js
FN:1,(anonymous_0)
FNF:1
FNH:1
FNDA:3,(anonymous_0)
DA:1,3
DA:2,3
LF:2
LH:2
BRF:0
BRH:0
end_of_record
TN:
SF:src/store/actionCreators/errorAction.js
FN:1,(anonymous_0)
FNF:1
FNH:1
FNDA:3,(anonymous_0)
DA:1,3
DA:2,3
LF:2
LH:2
BRF:0
BRH:0
end_of_record
TN:
SF:src/store/actionCreators/loadUpAction.js
FN:1,(anonymous_0)
FNF:1
FNH:0
FNDA:0,(anonymous_0)
DA:1,1
DA:2,0
LF:2
LH:1
BRF:0
BRH:0
end_of_record
TN:
SF:src/store/actionCreators/loadingAction.js
FN:1,(anonymous_0)
FNF:1
FNH:1
FNDA:5,(anonymous_0)
DA:1,3
DA:2,5
LF:2
LH:2
BRF:0
BRH:0
end_of_record
TN:
SF:src/store/reducers/dataReducer.js
FN:3,(anonymous_0)
FNF:1
FNH:1
FNDA:9,(anonymous_0)
DA:3,2
DA:4,9
DA:6,2
DA:8,7
LF:4
LH:4
BRDA:3,0,0,4
BRDA:4,1,0,2
BRDA:4,1,1,7
BRF:3
BRH:3
end_of_record
TN:
SF:src/store/reducers/errorReducer.js
FN:3,(anonymous_0)
FNF:1
FNH:1
FNDA:9,(anonymous_0)
DA:3,2
DA:4,9
DA:6,2
DA:8,7
LF:4
LH:4
BRDA:3,0,0,4
BRDA:4,1,0,2
BRDA:4,1,1,7
BRF:3
BRH:3
end_of_record
TN:
SF:src/store/reducers/loadingReducer.js
FN:3,(anonymous_0)
FNF:1
FNH:1
FNDA:9,(anonymous_0)
DA:3,2
DA:4,9
DA:6,3
DA:8,6
LF:4
LH:4
BRDA:3,0,0,4
BRDA:4,1,0,3
BRDA:4,1,1,6
BRF:3
BRH:3
end_of_record
TN:
SF:src/store/reducers/reducers.js
FNF:0
FNH:0
DA:6,1
LF:1
LH:1
BRF:0
BRH:0
end_of_record
